<?xml version="1.0" encoding="UTF-8"?>
<testsuite name="gradleSelenium.GradleDemoTest" tests="1" skipped="0" failures="0" errors="0" timestamp="2019-07-29T07:20:46" hostname="HYD-LT-124N91" time="14.482">
  <properties/>
  <testcase name="testingGradle" classname="gradleSelenium.GradleDemoTest" time="14.482"/>
  <system-out><![CDATA[]]></system-out>
  <system-err><![CDATA[Starting ChromeDriver 75.0.3770.140 (2d9f97485c7b07dc18a74666574f19176731995c-refs/branch-heads/3770@{#1155}) on port 15811
Only local connections are allowed.
Please protect ports used by ChromeDriver and related test frameworks to prevent access by malicious code.
Jul 29, 2019 12:50:51 PM org.openqa.selenium.remote.ProtocolHandshake createSession
INFO: Detected dialect: W3C
]]></system-err>
</testsuite>
