<?xml version="1.0" encoding="UTF-8"?>
<!-- Generated by org.testng.reporters.JUnitReportReporter -->
<testsuite skipped="0" hostname="HYD-LT-124N91" name="gradleSelenium.GradleDemoTest" tests="1" failures="0" timestamp="29 Jul 2019 07:21:01 GMT" time="14.482" errors="0">
  <testcase name="testingGradle" time="14.482" classname="gradleSelenium.GradleDemoTest"/>
</testsuite> <!-- gradleSelenium.GradleDemoTest -->
